  BlobGUI.cpp
  Settings.cpp
D:\Projects\OpenFramework\apps\myApps\BlobSimulation\Settings.cpp(13,29): warning C4305: 'initializing': truncation from 'double' to 'float'
D:\Projects\OpenFramework\apps\myApps\BlobSimulation\Settings.cpp(14,27): warning C4305: 'initializing': truncation from 'double' to 'float'
  Info: Boost.Config is older than your compiler version - probably nothing bad will happen - but you may wish to look for an update Boost version.  Define BOOST_CONFIG_SUPPRESS_OUTDATED_MESSAGE to suppress this message.
D:\Projects\OpenFramework\libs\openFrameworks\math\ofMatrix4x4.h(326,20): warning C4267: 'argument': conversion from 'size_t' to 'int', possible loss of data (compiling source file BlobGUI.cpp)
D:\Projects\OpenFramework\libs\openFrameworks\math\ofMatrix4x4.h(331,20): warning C4267: 'argument': conversion from 'size_t' to 'int', possible loss of data (compiling source file BlobGUI.cpp)
D:\Projects\OpenFramework\libs\openFrameworks\math\ofMatrix4x4.h(912,11): warning C4267: 'argument': conversion from 'size_t' to 'int', possible loss of data (compiling source file BlobGUI.cpp)
D:\Projects\OpenFramework\libs\openFrameworks\math\ofMatrix4x4.h(913,11): warning C4267: 'argument': conversion from 'size_t' to 'int', possible loss of data (compiling source file BlobGUI.cpp)
D:\Projects\OpenFramework\libs\openFrameworks\math\ofMatrix4x4.h(914,11): warning C4267: 'argument': conversion from 'size_t' to 'int', possible loss of data (compiling source file BlobGUI.cpp)
D:\Projects\OpenFramework\libs\openFrameworks\math\ofMatrix4x4.h(915,11): warning C4267: 'argument': conversion from 'size_t' to 'int', possible loss of data (compiling source file BlobGUI.cpp)
  main.cpp
  ofApp.cpp
  Info: Boost.Config is older than your compiler version - probably nothing bad will happen - but you may wish to look for an update Boost version.  Define BOOST_CONFIG_SUPPRESS_OUTDATED_MESSAGE to suppress this message.
  Info: Boost.Config is older than your compiler version - probably nothing bad will happen - but you may wish to look for an update Boost version.  Define BOOST_CONFIG_SUPPRESS_OUTDATED_MESSAGE to suppress this message.
D:\Projects\OpenFramework\libs\openFrameworks\math\ofMatrix4x4.h(326,20): warning C4267: 'argument': conversion from 'size_t' to 'int', possible loss of data (compiling source file src\ofApp.cpp)
D:\Projects\OpenFramework\libs\openFrameworks\math\ofMatrix4x4.h(331,20): warning C4267: 'argument': conversion from 'size_t' to 'int', possible loss of data (compiling source file src\ofApp.cpp)
D:\Projects\OpenFramework\libs\openFrameworks\math\ofMatrix4x4.h(912,11): warning C4267: 'argument': conversion from 'size_t' to 'int', possible loss of data (compiling source file src\ofApp.cpp)
D:\Projects\OpenFramework\libs\openFrameworks\math\ofMatrix4x4.h(913,11): warning C4267: 'argument': conversion from 'size_t' to 'int', possible loss of data (compiling source file src\ofApp.cpp)
D:\Projects\OpenFramework\libs\openFrameworks\math\ofMatrix4x4.h(914,11): warning C4267: 'argument': conversion from 'size_t' to 'int', possible loss of data (compiling source file src\ofApp.cpp)
D:\Projects\OpenFramework\libs\openFrameworks\math\ofMatrix4x4.h(915,11): warning C4267: 'argument': conversion from 'size_t' to 'int', possible loss of data (compiling source file src\ofApp.cpp)
D:\Projects\OpenFramework\libs\openFrameworks\math\ofMatrix4x4.h(326,20): warning C4267: 'argument': conversion from 'size_t' to 'int', possible loss of data (compiling source file src\main.cpp)
D:\Projects\OpenFramework\libs\openFrameworks\math\ofMatrix4x4.h(331,20): warning C4267: 'argument': conversion from 'size_t' to 'int', possible loss of data (compiling source file src\main.cpp)
D:\Projects\OpenFramework\libs\openFrameworks\math\ofMatrix4x4.h(912,11): warning C4267: 'argument': conversion from 'size_t' to 'int', possible loss of data (compiling source file src\main.cpp)
D:\Projects\OpenFramework\libs\openFrameworks\math\ofMatrix4x4.h(913,11): warning C4267: 'argument': conversion from 'size_t' to 'int', possible loss of data (compiling source file src\main.cpp)
D:\Projects\OpenFramework\libs\openFrameworks\math\ofMatrix4x4.h(914,11): warning C4267: 'argument': conversion from 'size_t' to 'int', possible loss of data (compiling source file src\main.cpp)
D:\Projects\OpenFramework\libs\openFrameworks\math\ofMatrix4x4.h(915,11): warning C4267: 'argument': conversion from 'size_t' to 'int', possible loss of data (compiling source file src\main.cpp)
  BlobSimulation.vcxproj -> D:\Projects\OpenFramework\apps\myApps\BlobSimulation\bin\BlobSimulation_debug.exe
  
  	                   2	D:\Projects\OpenFramework\libs\fmod\lib\vs\x64\
  	  *EXTRA File 		 6942208	D:\Projects\OpenFramework\apps\myApps\BlobSimulation\bin\FreeImage.dll
  
  	                   1	D:\Projects\OpenFramework\libs\FreeImage\lib\vs\x64\
  	  *EXTRA File 		 1826304	D:\Projects\OpenFramework\apps\myApps\BlobSimulation\bin\fmod.dll
  	  *EXTRA File 		 2041856	D:\Projects\OpenFramework\apps\myApps\BlobSimulation\bin\fmodL.dll
